UserController initialized
Current working directory: Z:\Engienear\Java\Mechiu-v2
Attempting to play music from: /music/login.mp3
Full resource path: file:/Z:/Engienear/Java/Mechiu-v2/target/classes/music/login.mp3
Login music started playing
Successfully loaded: /sfx/type1.mp3
Successfully loaded: /sfx/type2.mp3
Successfully loaded: /sfx/type3.mp3
Total typing sounds loaded: 3
=== Debug Info ===
Install Dir: Z:\Engienear\Java\Mechiu-v2
JSON Path: Z:\Engienear\Java\Mechiu-v2/data/Sumatra Island.json
File exists: true
File can read: true
File absolute path: Z:\Engienear\Java\Mechiu-v2\data\Sumatra Island.json
=================
Reading from: Z:\Engienear\Java\Mechiu-v2/data/Sumatra Island.json
Loaded word pool from JSON: {easy=[kapal, perahu, pantai, nelayan, jaring, pancing, kepiting, ubur, pasang, surut, bulan, angin, badai, terang, teduh, dingin, hangat, basah], medium=[rajungan, cendro, kembung, layang, senangin, kurisi, kuniran, tembang, lemuru, cucut, pari, layur, teri, bandeng, dorang], hard=[penangkapan, pengolahan, pembudidaya, pengawetan, pengeringan, pembekuan, pengasinan, pengasapan, pengemasan, penyimpanan, pendistribusian, pemasaran, pengembangan, pengelolaan]}
Words for easy difficulty: [kapal, perahu, pantai, nelayan, jaring, pancing, kepiting, ubur, pasang, surut, bulan, angin, badai, terang, teduh, dingin, hangat, basah]
Reading obstacles from: Z:\Engienear\Java\Mechiu-v2/data/Obstacles.json
Loaded obstacles: [sampah, plastik, botol, kaleng, kantong, sedotan, styrofoam, tali, karet, karung, kresek, ember, gabus, kotak, bungkus]
UserController initialized
Current working directory: Z:\Engienear\Java\Mechiu-v2
Attempting to play music from: /music/login.mp3
Full resource path: file:/Z:/Engienear/Java/Mechiu-v2/target/classes/music/login.mp3
Login music started playing
Successfully loaded: /sfx/type1.mp3
Successfully loaded: /sfx/type2.mp3
Successfully loaded: /sfx/type3.mp3
Total typing sounds loaded: 3
=== Debug Info ===
Install Dir: Z:\Engienear\Java\Mechiu-v2
JSON Path: Z:\Engienear\Java\Mechiu-v2/data/Sumatra Island.json
File exists: true
File can read: true
File absolute path: Z:\Engienear\Java\Mechiu-v2\data\Sumatra Island.json
=================
Reading from: Z:\Engienear\Java\Mechiu-v2/data/Sumatra Island.json
Loaded word pool from JSON: {easy=[kapal, perahu, pantai, nelayan, jaring, pancing, kepiting, ubur, pasang, surut, bulan, angin, badai, terang, teduh, dingin, hangat, basah], medium=[rajungan, cendro, kembung, layang, senangin, kurisi, kuniran, tembang, lemuru, cucut, pari, layur, teri, bandeng, dorang], hard=[penangkapan, pengolahan, pembudidaya, pengawetan, pengeringan, pembekuan, pengasinan, pengasapan, pengemasan, penyimpanan, pendistribusian, pemasaran, pengembangan, pengelolaan]}
Words for medium difficulty: [rajungan, cendro, kembung, layang, senangin, kurisi, kuniran, tembang, lemuru, cucut, pari, layur, teri, bandeng, dorang]
Reading obstacles from: Z:\Engienear\Java\Mechiu-v2/data/Obstacles.json
Loaded obstacles: [limbah, minyak, deterjen, pupuk, pestisida, logam, merkuri, timbal, mikroplastik, kimia, asam, basa, racun, zat-perusak, polutan]
Playing typing sound...
Playing typing sound...
Playing typing sound...
Playing typing sound...
Playing typing sound...
Playing typing sound...
Word typed with position score: 76
Playing typing sound...
Playing typing sound...
Playing typing sound...
Playing typing sound...
Playing typing sound...
Playing typing sound...
Playing typing sound...
Playing typing sound...
Playing typing sound...
Playing typing sound...
Word typed with position score: 79
Playing typing sound...
Playing typing sound...
Playing typing sound...
Playing typing sound...
Playing typing sound...
Playing typing sound...
Playing typing sound...
Playing typing sound...
Playing typing sound...
Playing typing sound...
Playing typing sound...
Playing typing sound...
Playing typing sound...
Playing typing sound...
Playing typing sound...
Playing typing sound...
Word typed with position score: 85
Playing typing sound...
Playing typing sound...
Playing typing sound...
Playing typing sound...
Playing typing sound...
Playing typing sound...
Playing typing sound...
Playing typing sound...
Word typed with position score: 90
Playing typing sound...
Playing typing sound...
